2024-07-18T23:24:10.435+02:00  INFO 5928 --- [bePrepared] [main] c.j.beprepared.BePreparedApplication     : Starting BePreparedApplication using Java 17.0.11 with PID 5928 (/home/godal/ProgrammingZone/Java/bePrepared/target/classes started by godal in /home/godal/ProgrammingZone/Java/bePrepared)
2024-07-18T23:24:10.437+02:00  INFO 5928 --- [bePrepared] [main] c.j.beprepared.BePreparedApplication     : No active profile set, falling back to 1 default profile: "default"
2024-07-18T23:24:22.255+02:00  INFO 5928 --- [bePrepared] [main] .s.d.r.c.RepositoryConfigurationDelegate : Bootstrapping Spring Data JPA repositories in DEFAULT mode.
2024-07-18T23:24:22.344+02:00  INFO 5928 --- [bePrepared] [main] .s.d.r.c.RepositoryConfigurationDelegate : Finished Spring Data repository scanning in 76 ms. Found 5 JPA repository interfaces.
2024-07-18T23:24:23.770+02:00  INFO 5928 --- [bePrepared] [main] o.s.b.w.embedded.tomcat.TomcatWebServer  : Tomcat initialized with port 8080 (http)
2024-07-18T23:24:23.779+02:00  INFO 5928 --- [bePrepared] [main] o.apache.catalina.core.StandardService   : Starting service [Tomcat]
2024-07-18T23:24:23.779+02:00  INFO 5928 --- [bePrepared] [main] o.apache.catalina.core.StandardEngine    : Starting Servlet engine: [Apache Tomcat/10.1.25]
2024-07-18T23:24:23.828+02:00  INFO 5928 --- [bePrepared] [main] o.a.c.c.C.[Tomcat].[localhost].[/]       : Initializing Spring embedded WebApplicationContext
2024-07-18T23:24:23.828+02:00  INFO 5928 --- [bePrepared] [main] w.s.c.ServletWebServerApplicationContext : Root WebApplicationContext: initialization completed in 12826 ms
2024-07-18T23:24:24.236+02:00  INFO 5928 --- [bePrepared] [main] com.zaxxer.hikari.HikariDataSource       : HikariPool-1 - Starting...
2024-07-18T23:24:24.375+02:00  INFO 5928 --- [bePrepared] [main] com.zaxxer.hikari.pool.HikariPool        : HikariPool-1 - Added connection org.postgresql.jdbc.PgConnection@72ecbcb3
2024-07-18T23:24:24.376+02:00  INFO 5928 --- [bePrepared] [main] com.zaxxer.hikari.HikariDataSource       : HikariPool-1 - Start completed.
2024-07-18T23:24:24.404+02:00  INFO 5928 --- [bePrepared] [main] org.flywaydb.core.FlywayExecutor         : Database: jdbc:postgresql://localhost:5432/bePreparedDb (PostgreSQL 16.0)
2024-07-18T23:24:24.488+02:00  INFO 5928 --- [bePrepared] [main] o.f.core.internal.command.DbValidate     : Successfully validated 2 migrations (execution time 00:00.056s)
2024-07-18T23:24:24.505+02:00  INFO 5928 --- [bePrepared] [main] o.f.core.internal.command.DbMigrate      : Current version of schema "public": 2
2024-07-18T23:24:24.509+02:00  INFO 5928 --- [bePrepared] [main] o.f.core.internal.command.DbMigrate      : Schema "public" is up to date. No migration necessary.
2024-07-18T23:24:24.844+02:00  INFO 5928 --- [bePrepared] [main] o.hibernate.jpa.internal.util.LogHelper  : HHH000204: Processing PersistenceUnitInfo [name: default]
2024-07-18T23:24:25.206+02:00  INFO 5928 --- [bePrepared] [main] org.hibernate.Version                    : HHH000412: Hibernate ORM core version 6.5.2.Final
2024-07-18T23:24:25.437+02:00  INFO 5928 --- [bePrepared] [main] o.h.c.internal.RegionFactoryInitiator    : HHH000026: Second-level cache disabled
2024-07-18T23:24:26.008+02:00  INFO 5928 --- [bePrepared] [main] o.s.o.j.p.SpringPersistenceUnitInfo      : No LoadTimeWeaver setup: ignoring JPA class transformer
2024-07-18T23:24:28.221+02:00  INFO 5928 --- [bePrepared] [main] o.h.e.t.j.p.i.JtaPlatformInitiator       : HHH000489: No JTA platform available (set 'hibernate.transaction.jta.platform' to enable JTA platform integration)
2024-07-18T23:24:28.309+02:00  INFO 5928 --- [bePrepared] [main] j.LocalContainerEntityManagerFactoryBean : Initialized JPA EntityManagerFactory for persistence unit 'default'
2024-07-18T23:24:28.978+02:00  WARN 5928 --- [bePrepared] [main] JpaBaseConfiguration$JpaWebConfiguration : spring.jpa.open-in-view is enabled by default. Therefore, database queries may be performed during view rendering. Explicitly configure spring.jpa.open-in-view to disable this warning
2024-07-18T23:24:29.662+02:00  INFO 5928 --- [bePrepared] [main] o.s.b.w.embedded.tomcat.TomcatWebServer  : Tomcat started on port 8080 (http) with context path '/'
2024-07-18T23:24:29.670+02:00  INFO 5928 --- [bePrepared] [main] c.j.beprepared.BePreparedApplication     : Started BePreparedApplication in 22.646 seconds (process running for 24.705)
2024-07-18T23:24:59.989+02:00  INFO 5928 --- [bePrepared] [http-nio-8080-exec-1] o.a.c.c.C.[Tomcat].[localhost].[/]       : Initializing Spring DispatcherServlet 'dispatcherServlet'
2024-07-18T23:24:59.990+02:00  INFO 5928 --- [bePrepared] [http-nio-8080-exec-1] o.s.web.servlet.DispatcherServlet        : Initializing Servlet 'dispatcherServlet'
2024-07-18T23:24:59.992+02:00  INFO 5928 --- [bePrepared] [http-nio-8080-exec-1] o.s.web.servlet.DispatcherServlet        : Completed initialization in 2 ms
